[2020-08-18 06:21:01] local.ERROR: Unable to prepare route [api/user] for serialization. Uses Closure. {"exception":"[object] (LogicException(code: 0): Unable to prepare route [api/user] for serialization. Uses Closure. at /var/www/html/product/vendor/laravel/framework/src/Illuminate/Routing/Route.php:1150)
[stacktrace]
#0 /var/www/html/product/vendor/laravel/framework/src/Illuminate/Foundation/Console/RouteCacheCommand.php(62): Illuminate\\Routing\\Route->prepareForSerialization()
#1 [internal function]: Illuminate\\Foundation\\Console\\RouteCacheCommand->handle()
#2 /var/www/html/product/vendor/laravel/framework/src/Illuminate/Container/BoundMethod.php(33): call_user_func_array()
#3 /var/www/html/product/vendor/laravel/framework/src/Illuminate/Container/Util.php(37): Illuminate\\Container\\BoundMethod::Illuminate\\Container\\{closure}()
#4 /var/www/html/product/vendor/laravel/framework/src/Illuminate/Container/BoundMethod.php(91): Illuminate\\Container\\Util::unwrapIfClosure()
#5 /var/www/html/product/vendor/laravel/framework/src/Illuminate/Container/BoundMethod.php(35): Illuminate\\Container\\BoundMethod::callBoundMethod()
#6 /var/www/html/product/vendor/laravel/framework/src/Illuminate/Container/Container.php(592): Illuminate\\Container\\BoundMethod::call()
#7 /var/www/html/product/vendor/laravel/framework/src/Illuminate/Console/Command.php(134): Illuminate\\Container\\Container->call()
#8 /var/www/html/product/vendor/symfony/console/Command/Command.php(258): Illuminate\\Console\\Command->execute()
#9 /var/www/html/product/vendor/laravel/framework/src/Illuminate/Console/Command.php(121): Symfony\\Component\\Console\\Command\\Command->run()
#10 /var/www/html/product/vendor/laravel/framework/src/Illuminate/Console/Concerns/CallsCommands.php(56): Illuminate\\Console\\Command->run()
#11 /var/www/html/product/vendor/laravel/framework/src/Illuminate/Console/Concerns/CallsCommands.php(28): Illuminate\\Console\\Command->runCommand()
#12 /var/www/html/product/vendor/laravel/framework/src/Illuminate/Foundation/Console/OptimizeCommand.php(31): Illuminate\\Console\\Command->call()
#13 [internal function]: Illuminate\\Foundation\\Console\\OptimizeCommand->handle()
#14 /var/www/html/product/vendor/laravel/framework/src/Illuminate/Container/BoundMethod.php(33): call_user_func_array()
#15 /var/www/html/product/vendor/laravel/framework/src/Illuminate/Container/Util.php(37): Illuminate\\Container\\BoundMethod::Illuminate\\Container\\{closure}()
#16 /var/www/html/product/vendor/laravel/framework/src/Illuminate/Container/BoundMethod.php(91): Illuminate\\Container\\Util::unwrapIfClosure()
#17 /var/www/html/product/vendor/laravel/framework/src/Illuminate/Container/BoundMethod.php(35): Illuminate\\Container\\BoundMethod::callBoundMethod()
#18 /var/www/html/product/vendor/laravel/framework/src/Illuminate/Container/Container.php(592): Illuminate\\Container\\BoundMethod::call()
#19 /var/www/html/product/vendor/laravel/framework/src/Illuminate/Console/Command.php(134): Illuminate\\Container\\Container->call()
#20 /var/www/html/product/vendor/symfony/console/Command/Command.php(258): Illuminate\\Console\\Command->execute()
#21 /var/www/html/product/vendor/laravel/framework/src/Illuminate/Console/Command.php(121): Symfony\\Component\\Console\\Command\\Command->run()
#22 /var/www/html/product/vendor/symfony/console/Application.php(911): Illuminate\\Console\\Command->run()
#23 /var/www/html/product/vendor/symfony/console/Application.php(264): Symfony\\Component\\Console\\Application->doRunCommand()
#24 /var/www/html/product/vendor/symfony/console/Application.php(140): Symfony\\Component\\Console\\Application->doRun()
#25 /var/www/html/product/vendor/laravel/framework/src/Illuminate/Console/Application.php(93): Symfony\\Component\\Console\\Application->run()
#26 /var/www/html/product/vendor/laravel/framework/src/Illuminate/Foundation/Console/Kernel.php(129): Illuminate\\Console\\Application->run()
#27 /var/www/html/product/artisan(37): Illuminate\\Foundation\\Console\\Kernel->handle()
#28 {main}
"} 
